var -1
id 6 0
, -1
id 1 0
, -1
id 1 1
, -1
id 1 1
; -1
id 6 0
= -1
readInt -1
( -1
) -1
; -1
id 1 1
= -1
const 7 0
; -1
id 1 1
= -1
const 2 0
; -1
id 1 0
= -1
const 0 0
; -1
while -1
( -1
id 1 1
* -1
id 1 1
<= -1
id 6 0
and -1
id 1 0
== -1
const 0 0
) -1
{ -1
if -1
( -1
id 6 0
% -1
id 1 1
== -1
const 0 0
) -1
{ -1
id 1 0
= -1
const 1 0
; -1
} -1
id 1 1
= -1
id 1 1
+ -1
const 1 0
; -1
} -1
if -1
( -1
id 1 0
== -1
const 1 0
) -1
{ -1
write -1
( -1
const 1 1
) -1
; -1
} -1
else -1
{ -1
write -1
( -1
const 2 1
) -1
; -1
} -1
